<?xml version="1.0" encoding="UTF-8"?>
<!-- Generated by org.testng.reporters.JUnitXMLReporter -->
<testsuite ignored="0" hostname="LP-5CD141BBK7" failures="1" tests="7" name="ChromeTest" time="49.391" errors="0" timestamp="2025-08-20T08:01:28 IST">
  <testcase classname="tests.TestPOM" name="testLogin" time="15.831"/>
  <testcase classname="tests.TestPOM" name="testSearchProduct" time="3.051"/>
  <testcase classname="tests.TestPOM" name="testAddToCart" time="0.531"/>
  <testcase classname="tests.TestPOM" name="testCheckout" time="2.324"/>
  <testcase classname="tests.TestPOM" name="testConfirmOrder" time="1.032"/>
  <testcase classname="tests.TestPOM" name="testReturnToMainMenu" time="10.323">
    <failure type="java.lang.AssertionError" message="Home page not visible after returning to main menu expected [true] but found [false]">
      <![CDATA[java.lang.AssertionError: Home page not visible after returning to main menu expected [true] but found [false]
at tests.TestPOM.testReturnToMainMenu(TestPOM.java:120)
at java.base/java.util.ArrayList.forEach(ArrayList.java:1596)
at java.base/java.util.concurrent.FutureTask.run(FutureTask.java:317)
at java.base/java.util.concurrent.ThreadPoolExecutor.runWorker(ThreadPoolExecutor.java:1144)
at java.base/java.util.concurrent.ThreadPoolExecutor$Worker.run(ThreadPoolExecutor.java:642)
at java.base/java.lang.Thread.run(Thread.java:1583)
... Removed 18 stack frames]]>
    </failure>
  </testcase> <!-- testReturnToMainMenu -->
  <testcase classname="tests.TestPOM" name="testSignOut" time="0.0">
    <skipped/>
  </testcase> <!-- testSignOut -->
</testsuite> <!-- ChromeTest -->
